c:\users\student\documents\visual studio 2015\projects\座標ツール\debug\vc140.pdb
c:\users\student\documents\visual studio 2015\projects\座標ツール\debug\vc140.idb
c:\users\student\documents\visual studio 2015\projects\座標ツール\debug\input.obj
c:\users\student\documents\visual studio 2015\projects\座標ツール\debug\keyboard.obj
c:\users\student\documents\visual studio 2015\projects\座標ツール\debug\main.obj
c:\users\student\documents\visual studio 2015\projects\座標ツール\debug\padx.obj
c:\users\student\documents\visual studio 2015\projects\座標ツール\debug\polygon.obj
c:\users\student\documents\visual studio 2015\projects\座標ツール\debug\renderer.obj
c:\users\student\documents\visual studio 2015\projects\座標ツール\debug\scene.obj
c:\users\student\documents\visual studio 2015\projects\座標ツール\debug\scene2d.obj
c:\users\student\documents\visual studio 2015\projects\座標ツール\debug\manager.obj
c:\users\student\documents\visual studio 2015\projects\座標ツール\debug\sound.obj
c:\users\student\documents\visual studio 2015\projects\座標ツール\debug\texture.obj
c:\users\student\documents\visual studio 2015\projects\座標ツール\debug\bg.obj
c:\users\student\documents\visual studio 2015\projects\座標ツール\debug\座標ツール.ilk
c:\users\student\documents\visual studio 2015\projects\座標ツール\debug\座標ツール.exe
c:\users\student\documents\visual studio 2015\projects\座標ツール\debug\座標ツール.pdb
c:\users\student\documents\visual studio 2015\projects\座標ツール\debug\座標ツール.res
c:\users\student\documents\visual studio 2015\projects\座標ツール\debug\座標ツール.tlog\cl.command.1.tlog
c:\users\student\documents\visual studio 2015\projects\座標ツール\debug\座標ツール.tlog\cl.read.1.tlog
c:\users\student\documents\visual studio 2015\projects\座標ツール\debug\座標ツール.tlog\cl.write.1.tlog
c:\users\student\documents\visual studio 2015\projects\座標ツール\debug\座標ツール.tlog\link.command.1.tlog
c:\users\student\documents\visual studio 2015\projects\座標ツール\debug\座標ツール.tlog\link.read.1.tlog
c:\users\student\documents\visual studio 2015\projects\座標ツール\debug\座標ツール.tlog\link.write.1.tlog
c:\users\student\documents\visual studio 2015\projects\座標ツール\debug\座標ツール.tlog\rc.command.1.tlog
c:\users\student\documents\visual studio 2015\projects\座標ツール\debug\座標ツール.tlog\rc.read.1.tlog
c:\users\student\documents\visual studio 2015\projects\座標ツール\debug\座標ツール.tlog\rc.write.1.tlog
