c:\users\student\documents\visual studio 2015\projects\fightingwitch\release\vc140.pdb
c:\users\student\documents\visual studio 2015\projects\fightingwitch\release\polygon.obj
c:\users\student\documents\visual studio 2015\projects\fightingwitch\release\player.obj
c:\users\student\documents\visual studio 2015\projects\fightingwitch\release\number.obj
c:\users\student\documents\visual studio 2015\projects\fightingwitch\release\menuui.obj
c:\users\student\documents\visual studio 2015\projects\fightingwitch\release\menu.obj
c:\users\student\documents\visual studio 2015\projects\fightingwitch\release\manager.obj
c:\users\student\documents\visual studio 2015\projects\fightingwitch\release\main.obj
c:\users\student\documents\visual studio 2015\projects\fightingwitch\release\life.obj
c:\users\student\documents\visual studio 2015\projects\fightingwitch\release\keyboard.obj
c:\users\student\documents\visual studio 2015\projects\fightingwitch\release\item.obj
c:\users\student\documents\visual studio 2015\projects\fightingwitch\release\input.obj
c:\users\student\documents\visual studio 2015\projects\fightingwitch\release\help.obj
c:\users\student\documents\visual studio 2015\projects\fightingwitch\release\game.obj
c:\users\student\documents\visual studio 2015\projects\fightingwitch\release\fade.obj
c:\users\student\documents\visual studio 2015\projects\fightingwitch\release\explosion.obj
c:\users\student\documents\visual studio 2015\projects\fightingwitch\release\enemybullet.obj
c:\users\student\documents\visual studio 2015\projects\fightingwitch\release\enemy.obj
c:\users\student\documents\visual studio 2015\projects\fightingwitch\release\effect.obj
c:\users\student\documents\visual studio 2015\projects\fightingwitch\release\bullet.obj
c:\users\student\documents\visual studio 2015\projects\fightingwitch\release\bg.obj
c:\users\student\documents\visual studio 2015\projects\fightingwitch\release\type.obj
c:\users\student\documents\visual studio 2015\projects\fightingwitch\release\titleui.obj
c:\users\student\documents\visual studio 2015\projects\fightingwitch\release\title.obj
c:\users\student\documents\visual studio 2015\projects\fightingwitch\release\timeup.obj
c:\users\student\documents\visual studio 2015\projects\fightingwitch\release\time.obj
c:\users\student\documents\visual studio 2015\projects\fightingwitch\release\sound.obj
c:\users\student\documents\visual studio 2015\projects\fightingwitch\release\score.obj
c:\users\student\documents\visual studio 2015\projects\fightingwitch\release\scene2d.obj
c:\users\student\documents\visual studio 2015\projects\fightingwitch\release\scene.obj
c:\users\student\documents\visual studio 2015\projects\fightingwitch\release\rightmenu.obj
c:\users\student\documents\visual studio 2015\projects\fightingwitch\release\result2.obj
c:\users\student\documents\visual studio 2015\projects\fightingwitch\release\result.obj
c:\users\student\documents\visual studio 2015\projects\fightingwitch\release\renderer.obj
c:\users\student\documents\visual studio 2015\projects\fightingwitch\release\ranking.obj
c:\users\student\documents\visual studio 2015\projects\fightingwitch\release\padx.obj
c:\users\student\documents\visual studio 2015\projects\fightingwitch\release\fightingwitch.exe
c:\users\student\documents\visual studio 2015\projects\fightingwitch\release\fightingwitch.ipdb
c:\users\student\documents\visual studio 2015\projects\fightingwitch\release\fightingwitch.iobj
c:\users\student\documents\visual studio 2015\projects\fightingwitch\release\fightingwitch.pdb
c:\users\student\documents\visual studio 2015\projects\fightingwitch\release\fightingwitch.tlog\cl.command.1.tlog
c:\users\student\documents\visual studio 2015\projects\fightingwitch\release\fightingwitch.tlog\cl.read.1.tlog
c:\users\student\documents\visual studio 2015\projects\fightingwitch\release\fightingwitch.tlog\cl.write.1.tlog
c:\users\student\documents\visual studio 2015\projects\fightingwitch\release\fightingwitch.tlog\link.command.1.tlog
c:\users\student\documents\visual studio 2015\projects\fightingwitch\release\fightingwitch.tlog\link.read.1.tlog
c:\users\student\documents\visual studio 2015\projects\fightingwitch\release\fightingwitch.tlog\link.write.1.tlog
